[debug] [2023-07-21T10:39:54.106Z] ----------------------------------------------------------------------
[debug] [2023-07-21T10:39:54.109Z] Command:       C:\Program Files\nodejs\node.exe C:\Users\Kashif Ali\AppData\Roaming\npm\node_modules\firebase-tools\lib\bin\firebase.js serve
[debug] [2023-07-21T10:39:54.110Z] CLI Version:   12.4.5
[debug] [2023-07-21T10:39:54.111Z] Platform:      win32
[debug] [2023-07-21T10:39:54.111Z] Node Version:  v18.16.1
[debug] [2023-07-21T10:39:54.112Z] Time:          Fri Jul 21 2023 15:39:54 GMT+0500 (Pakistan Standard Time)
[debug] [2023-07-21T10:39:54.113Z] ----------------------------------------------------------------------
[debug] 
[debug] [2023-07-21T10:39:54.308Z] > command requires scopes: ["email","openid","https://www.googleapis.com/auth/cloudplatformprojects.readonly","https://www.googleapis.com/auth/firebase","https://www.googleapis.com/auth/cloud-platform"]
[debug] [2023-07-21T10:39:54.309Z] > authorizing via signed-in user (alikashi54321@gmail.com)
[debug] [2023-07-21T10:39:54.309Z] [iam] checking project kashifportfolio-25333 for permissions ["firebase.projects.get"]
[debug] [2023-07-21T10:39:54.312Z] >>> [apiv2][query] POST https://cloudresourcemanager.googleapis.com/v1/projects/kashifportfolio-25333:testIamPermissions [none]
[debug] [2023-07-21T10:39:54.312Z] >>> [apiv2][(partial)header] POST https://cloudresourcemanager.googleapis.com/v1/projects/kashifportfolio-25333:testIamPermissions x-goog-quota-user=projects/kashifportfolio-25333
[debug] [2023-07-21T10:39:54.312Z] >>> [apiv2][body] POST https://cloudresourcemanager.googleapis.com/v1/projects/kashifportfolio-25333:testIamPermissions {"permissions":["firebase.projects.get"]}
[debug] [2023-07-21T10:39:56.121Z] <<< [apiv2][status] POST https://cloudresourcemanager.googleapis.com/v1/projects/kashifportfolio-25333:testIamPermissions 200
[debug] [2023-07-21T10:39:56.122Z] <<< [apiv2][body] POST https://cloudresourcemanager.googleapis.com/v1/projects/kashifportfolio-25333:testIamPermissions {"permissions":["firebase.projects.get"]}
[debug] [2023-07-21T10:39:56.126Z] >>> [apiv2][query] GET https://firebase.googleapis.com/v1beta1/projects/kashifportfolio-25333 [none]
[debug] [2023-07-21T10:39:56.916Z] <<< [apiv2][status] GET https://firebase.googleapis.com/v1beta1/projects/kashifportfolio-25333 200
[debug] [2023-07-21T10:39:56.916Z] <<< [apiv2][body] GET https://firebase.googleapis.com/v1beta1/projects/kashifportfolio-25333 {"projectId":"kashifportfolio-25333","projectNumber":"684967531853","displayName":"KashifPortFolio","name":"projects/kashifportfolio-25333","resources":{"hostingSite":"kashifportfolio-25333"},"state":"ACTIVE","etag":"1_435cb2aa-5a4e-4f2d-8893-7f2926fefd57"}
[info] 
[info] === Serving from 'C:\Users\Kashif Ali\Downloads\PortFolio'...
[info] 
[debug] [2023-07-21T10:39:56.965Z] >>> [apiv2][query] GET https://firebasehosting.googleapis.com/v1beta1/projects/kashifportfolio-25333/sites 
[debug] [2023-07-21T10:39:59.079Z] <<< [apiv2][status] GET https://firebasehosting.googleapis.com/v1beta1/projects/kashifportfolio-25333/sites 200
[debug] [2023-07-21T10:39:59.081Z] <<< [apiv2][body] GET https://firebasehosting.googleapis.com/v1beta1/projects/kashifportfolio-25333/sites {"sites":[{"name":"projects/kashifportfolio-25333/sites/kashifportfolio-25333","defaultUrl":"https://kashifportfolio-25333.web.app","type":"DEFAULT_SITE"}]}
[debug] [2023-07-21T10:39:59.083Z] >>> [apiv2][query] GET https://firebase.googleapis.com/v1beta1/projects/kashifportfolio-25333/webApps/-/config [none]
[debug] [2023-07-21T10:40:00.621Z] <<< [apiv2][status] GET https://firebase.googleapis.com/v1beta1/projects/kashifportfolio-25333/webApps/-/config 200
[debug] [2023-07-21T10:40:00.622Z] <<< [apiv2][body] GET https://firebase.googleapis.com/v1beta1/projects/kashifportfolio-25333/webApps/-/config {"projectId":"kashifportfolio-25333","appId":"1:684967531853:web:c5359291355a5edadbd304","storageBucket":"kashifportfolio-25333.appspot.com","apiKey":"AIzaSyB7qXfs18i6tHdpmSgRBNw5SkmF3e4H2fQ","authDomain":"kashifportfolio-25333.firebaseapp.com","messagingSenderId":"684967531853","measurementId":"G-7J8F0WHT1L"}
[debug] [2023-07-21T10:40:00.642Z] >>> [apiv2][query] GET https://firebase.googleapis.com/v1beta1/projects/kashifportfolio-25333 [none]
[debug] [2023-07-21T10:40:01.550Z] <<< [apiv2][status] GET https://firebase.googleapis.com/v1beta1/projects/kashifportfolio-25333 200
[debug] [2023-07-21T10:40:01.551Z] <<< [apiv2][body] GET https://firebase.googleapis.com/v1beta1/projects/kashifportfolio-25333 {"projectId":"kashifportfolio-25333","projectNumber":"684967531853","displayName":"KashifPortFolio","name":"projects/kashifportfolio-25333","resources":{"hostingSite":"kashifportfolio-25333"},"state":"ACTIVE","etag":"1_435cb2aa-5a4e-4f2d-8893-7f2926fefd57"}
[info] i  hosting[kashifportfolio-25333]: Serving hosting files from: public {"metadata":{"emulator":{"name":"hosting"},"message":"Serving hosting files from: \u001b[1mpublic\u001b[22m"}}
[info] +  hosting[kashifportfolio-25333]: Local server: http://localhost:5000 {"metadata":{"emulator":{"name":"hosting"},"message":"Local server: \u001b[4m\u001b[1mhttp://localhost:5000\u001b[22m\u001b[24m"}}
[info] i  hosting: ::1 - - [21/Jul/2023:10:40:27 +0000] "GET / HTTP/1.1" 200 - "-" "Mozilla/5.0 (Windows NT 10.0; Win64; x64) AppleWebKit/537.36 (KHTML, like Gecko) Chrome/114.0.0.0 Safari/537.36" {"metadata":{"emulator":{"name":"hosting"},"message":"::1 - - [21/Jul/2023:10:40:27 +0000] \"GET / HTTP/1.1\" 200 - \"-\" \"Mozilla/5.0 (Windows NT 10.0; Win64; x64) AppleWebKit/537.36 (KHTML, like Gecko) Chrome/114.0.0.0 Safari/537.36\""}}
